SF:lib\data\datasources\movies\movie_local_data_source.dart
DA:15,1
DA:18,1
DA:20,3
DA:23,2
DA:28,1
DA:30,3
DA:33,2
DA:38,1
DA:39,3
DA:41,1
DA:48,1
DA:49,3
DA:50,4
LF:13
LH:13
end_of_record
SF:lib\utils\exception.dart
DA:6,4
LF:1
LH:1
end_of_record
SF:lib\data\models\genre_model.dart
DA:5,48
DA:13,4
DA:14,2
DA:15,2
DA:18,0
DA:19,0
DA:20,0
DA:23,2
DA:24,6
DA:27,2
DA:28,6
LF:11
LH:8
end_of_record
SF:lib\data\models\movies\movie_detail_model.dart
DA:7,47
DA:53,1
DA:54,1
DA:55,1
DA:56,1
DA:57,1
DA:58,1
DA:59,4
DA:60,1
DA:61,1
DA:62,1
DA:63,1
DA:64,1
DA:65,1
DA:66,2
DA:67,1
DA:68,1
DA:69,1
DA:70,1
DA:71,1
DA:72,1
DA:73,1
DA:74,1
DA:75,2
DA:76,1
DA:79,0
DA:80,0
DA:81,0
DA:82,0
DA:83,0
DA:84,0
DA:85,0
DA:86,0
DA:87,0
DA:88,0
DA:89,0
DA:90,0
DA:91,0
DA:92,0
DA:93,0
DA:94,0
DA:95,0
DA:96,0
DA:97,0
DA:98,0
DA:99,0
DA:100,0
DA:103,1
DA:104,1
DA:105,1
DA:106,1
DA:107,5
DA:108,1
DA:109,1
DA:110,1
DA:111,1
DA:112,1
DA:113,1
DA:114,1
DA:115,1
DA:116,1
DA:120,1
DA:121,1
DA:122,1
DA:123,1
DA:124,1
DA:125,1
DA:126,1
DA:127,1
DA:128,1
DA:129,1
DA:130,1
DA:131,1
DA:132,1
DA:133,1
DA:134,1
DA:135,1
DA:136,1
DA:137,1
DA:138,1
DA:139,1
DA:140,1
DA:141,1
DA:142,1
LF:84
LH:62
end_of_record
SF:lib\data\models\movies\movie_model.dart
DA:5,49
DA:35,6
DA:36,3
DA:37,3
DA:38,12
DA:39,3
DA:40,3
DA:41,3
DA:42,6
DA:43,3
DA:44,3
DA:45,3
DA:46,3
DA:47,6
DA:48,3
DA:51,4
DA:52,2
DA:53,2
DA:54,8
DA:55,2
DA:56,2
DA:57,2
DA:58,2
DA:59,2
DA:60,2
DA:61,2
DA:62,2
DA:63,2
DA:64,2
DA:67,2
DA:68,2
DA:69,2
DA:70,2
DA:71,2
DA:72,2
DA:73,2
DA:74,2
DA:75,2
DA:76,2
DA:77,2
DA:78,2
DA:79,2
DA:80,2
DA:81,2
DA:85,3
DA:86,3
DA:87,3
DA:88,3
DA:89,3
DA:90,3
DA:91,3
DA:92,3
DA:93,3
DA:94,3
DA:95,3
DA:96,3
DA:97,3
DA:98,3
DA:99,3
LF:59
LH:59
end_of_record
SF:lib\data\models\movies\movie_response.dart
DA:8,49
DA:10,4
DA:11,4
DA:12,6
DA:13,6
DA:16,2
DA:17,5
DA:20,1
DA:21,2
LF:9
LH:9
end_of_record
SF:lib\data\models\movies\movie_table.dart
DA:11,48
DA:18,2
DA:19,1
DA:20,1
DA:21,1
DA:22,1
DA:25,2
DA:26,1
DA:27,1
DA:28,1
DA:29,1
DA:32,0
DA:33,0
DA:34,0
DA:35,0
DA:36,0
DA:39,2
DA:40,1
DA:41,1
DA:42,1
DA:43,1
DA:46,2
DA:47,10
LF:23
LH:18
end_of_record
SF:lib\data\models\tv_shows\tv_show_detail_model.dart
DA:7,47
DA:43,1
DA:44,1
DA:45,1
DA:46,1
DA:47,4
DA:48,1
DA:49,1
DA:50,1
DA:51,1
DA:52,1
DA:53,2
DA:54,1
DA:55,1
DA:56,3
DA:58,3
DA:59,1
DA:60,1
DA:61,1
DA:62,2
DA:63,1
DA:66,0
DA:67,0
DA:68,0
DA:69,0
DA:70,0
DA:71,0
DA:72,0
DA:73,0
DA:74,0
DA:75,0
DA:76,0
DA:77,0
DA:78,0
DA:79,0
DA:80,0
DA:81,0
DA:82,0
DA:85,1
DA:86,1
DA:87,1
DA:88,5
DA:89,1
DA:90,1
DA:91,1
DA:92,1
DA:93,1
DA:94,1
DA:95,1
DA:96,1
DA:97,1
DA:101,1
DA:102,1
DA:103,1
DA:104,1
DA:105,1
DA:106,1
DA:107,1
DA:108,1
DA:109,1
DA:110,1
DA:111,1
DA:112,1
DA:113,1
DA:114,1
DA:115,1
DA:116,1
DA:117,1
DA:118,1
LF:69
LH:52
end_of_record
SF:lib\data\models\tv_shows\tv_show_model.dart
DA:5,49
DA:31,6
DA:32,3
DA:33,12
DA:34,3
DA:35,3
DA:36,3
DA:37,6
DA:38,3
DA:39,3
DA:40,3
DA:41,6
DA:42,3
DA:45,4
DA:46,2
DA:47,8
DA:48,2
DA:49,2
DA:50,2
DA:51,2
DA:52,2
DA:53,2
DA:54,2
DA:55,2
DA:56,2
DA:59,2
DA:60,2
DA:61,2
DA:62,2
DA:63,2
DA:64,2
DA:65,2
DA:66,2
DA:67,2
DA:68,2
DA:69,2
DA:70,2
DA:71,2
DA:75,3
DA:76,3
DA:77,3
DA:78,3
DA:79,3
DA:80,3
DA:81,3
DA:82,3
DA:83,3
DA:84,3
DA:85,3
DA:86,3
DA:87,3
LF:51
LH:51
end_of_record
SF:lib\data\models\tv_shows\tv_show_response.dart
DA:7,48
DA:9,4
DA:10,4
DA:11,6
DA:12,6
DA:15,2
DA:16,5
DA:19,1
DA:20,2
LF:9
LH:9
end_of_record
SF:lib\data\models\tv_shows\tv_show_table.dart
DA:11,48
DA:18,2
DA:19,1
DA:20,1
DA:21,1
DA:22,1
DA:25,2
DA:26,1
DA:27,1
DA:28,1
DA:29,1
DA:32,0
DA:33,0
DA:34,0
DA:35,0
DA:36,0
DA:39,2
DA:40,1
DA:41,1
DA:42,1
DA:43,1
DA:46,2
DA:47,10
LF:23
LH:18
end_of_record
SF:lib\domain\entities\genre.dart
DA:4,48
DA:12,4
DA:13,12
LF:3
LH:3
end_of_record
SF:lib\domain\entities\movies\movie.dart
DA:4,48
DA:20,47
DA:50,7
DA:51,7
DA:52,7
DA:53,7
DA:54,7
DA:55,7
DA:56,7
DA:57,7
DA:58,7
DA:59,7
DA:60,7
DA:61,7
DA:62,7
DA:63,7
DA:64,7
LF:17
LH:17
end_of_record
SF:lib\domain\entities\movies\movie_detail.dart
DA:6,47
DA:34,2
DA:35,2
DA:36,2
DA:37,2
DA:38,2
DA:39,2
DA:40,2
DA:41,2
DA:42,2
DA:43,2
DA:44,2
DA:45,2
DA:46,2
LF:14
LH:14
end_of_record
SF:lib\domain\entities\tv_shows\tv_show.dart
DA:4,48
DA:18,47
DA:44,7
DA:45,7
DA:46,7
DA:47,7
DA:48,7
DA:49,7
DA:50,7
DA:51,7
DA:52,7
DA:53,7
DA:54,7
DA:55,7
DA:56,7
LF:15
LH:15
end_of_record
SF:lib\domain\entities\tv_shows\tv_show_detail.dart
DA:6,47
DA:32,2
DA:33,2
DA:34,2
DA:35,2
DA:36,2
DA:37,2
DA:38,2
DA:39,2
DA:40,2
DA:41,2
DA:42,2
DA:43,2
DA:44,2
LF:14
LH:14
end_of_record
SF:lib\data\datasources\db\database_helper.dart
DA:10,0
DA:14,0
DA:18,0
DA:19,0
DA:26,0
DA:27,0
DA:28,0
DA:30,0
DA:34,0
DA:35,0
DA:42,0
DA:44,0
DA:51,0
DA:54,0
DA:55,0
DA:56,0
DA:59,0
DA:60,0
DA:61,0
DA:64,0
DA:68,0
DA:69,0
DA:71,0
DA:76,0
DA:77,0
DA:78,0
DA:81,0
DA:84,0
DA:85,0
DA:91,0
DA:92,0
DA:93,0
DA:96,0
DA:97,0
DA:98,0
DA:101,0
DA:105,0
DA:106,0
DA:108,0
DA:113,0
DA:114,0
DA:115,0
DA:118,0
DA:121,0
DA:122,0
LF:45
LH:0
end_of_record
SF:lib\data\datasources\movies\movie_remote_data_source.dart
DA:23,1
DA:26,1
DA:28,5
DA:30,2
DA:31,4
DA:33,1
DA:38,1
DA:39,5
DA:41,2
DA:42,3
DA:44,1
DA:49,1
DA:50,2
DA:51,3
DA:53,2
DA:54,4
DA:56,1
DA:61,1
DA:63,5
DA:65,2
DA:66,4
DA:68,1
DA:73,1
DA:75,5
DA:77,2
DA:78,4
DA:80,1
DA:85,1
DA:86,2
DA:87,3
DA:89,2
DA:90,4
DA:92,1
LF:33
LH:33
end_of_record
SF:lib\data\datasources\tv_shows\tv_show_local_data_source.dart
DA:18,1
DA:21,1
DA:22,3
DA:24,1
DA:31,1
DA:32,3
DA:33,4
DA:37,1
DA:39,3
DA:42,2
DA:47,1
DA:49,3
DA:52,2
LF:13
LH:13
end_of_record
SF:lib\data\datasources\tv_shows\tv_show_remote_data_source.dart
DA:29,1
DA:32,1
DA:34,5
DA:36,2
DA:37,1
DA:40,4
DA:44,1
DA:45,5
DA:47,2
DA:48,1
DA:51,4
DA:55,1
DA:57,5
DA:59,2
DA:60,1
DA:63,4
DA:67,1
DA:68,5
DA:70,2
DA:71,1
DA:74,3
DA:78,1
DA:80,5
DA:82,2
DA:83,1
DA:86,4
DA:90,1
DA:92,5
DA:94,2
DA:95,1
DA:98,4
LF:31
LH:31
end_of_record
SF:lib\domain\usecases\movies\get_movie_detail.dart
DA:9,1
DA:11,1
DA:12,2
LF:3
LH:3
end_of_record
SF:lib\domain\usecases\movies\get_movie_recommendations.dart
DA:9,1
DA:11,1
DA:12,2
LF:3
LH:3
end_of_record
SF:lib\domain\usecases\movies\get_now_playing_movies.dart
DA:9,1
DA:11,1
DA:12,2
LF:3
LH:3
end_of_record
SF:lib\domain\usecases\movies\get_popular_movies.dart
DA:9,1
DA:11,1
DA:12,2
LF:3
LH:3
end_of_record
SF:lib\domain\usecases\movies\get_top_rated_movies.dart
DA:9,1
DA:11,1
DA:12,2
LF:3
LH:3
end_of_record
SF:lib\domain\usecases\movies\get_watchlist_movie_status.dart
DA:6,1
DA:8,1
DA:9,2
LF:3
LH:3
end_of_record
SF:lib\domain\usecases\movies\get_watchlist_movies.dart
DA:9,1
DA:11,1
DA:12,2
LF:3
LH:3
end_of_record
SF:lib\domain\usecases\movies\remove_watchlist_movie.dart
DA:9,1
DA:11,1
DA:12,2
LF:3
LH:3
end_of_record
SF:lib\domain\usecases\movies\save_watchlist_movie.dart
DA:10,1
DA:12,1
DA:13,2
LF:3
LH:3
end_of_record
SF:lib\domain\usecases\tv_shows\get_on_the_air_tv_shows.dart
DA:9,1
DA:11,1
DA:12,2
LF:3
LH:3
end_of_record
SF:lib\domain\usecases\tv_shows\get_popular_tv_shows.dart
DA:9,1
DA:11,1
DA:12,2
LF:3
LH:3
end_of_record
SF:lib\domain\usecases\tv_shows\get_top_rated_tv_shows.dart
DA:9,1
DA:11,1
DA:12,2
LF:3
LH:3
end_of_record
SF:lib\domain\usecases\tv_shows\get_tv_show_detail.dart
DA:9,1
DA:11,1
DA:12,2
LF:3
LH:3
end_of_record
SF:lib\domain\usecases\tv_shows\get_tv_show_recommendations.dart
DA:9,1
DA:11,1
DA:12,2
LF:3
LH:3
end_of_record
SF:lib\domain\usecases\tv_shows\get_watchlist_tv_show_status.dart
DA:6,1
DA:8,1
DA:9,2
LF:3
LH:3
end_of_record
SF:lib\domain\usecases\tv_shows\get_watchlist_tv_shows.dart
DA:9,1
DA:11,1
DA:12,2
LF:3
LH:3
end_of_record
SF:lib\domain\usecases\tv_shows\remove_watchlist_tv_show.dart
DA:9,1
DA:11,1
DA:12,2
LF:3
LH:3
end_of_record
SF:lib\domain\usecases\tv_shows\save_watchlist_tv_show.dart
DA:9,1
DA:11,1
DA:12,2
LF:3
LH:3
end_of_record
SF:lib\presentation\bloc\movies\movie_detail_cubit.dart
DA:8,1
DA:10,2
DA:14,1
DA:15,3
DA:17,3
DA:19,1
DA:20,1
DA:21,3
DA:22,1
DA:26,1
DA:27,3
LF:11
LH:11
end_of_record
SF:lib\presentation\bloc\movies\movie_detail_recommendations_cubit.dart
DA:7,1
DA:9,2
DA:13,1
DA:14,3
DA:18,3
DA:20,1
DA:21,1
DA:22,3
DA:23,1
DA:27,1
DA:28,1
DA:29,3
DA:30,1
DA:35,3
LF:14
LH:14
end_of_record
SF:lib\presentation\bloc\movies\movie_detail_status_cubit.dart
DA:5,2
DA:9,1
DA:10,3
DA:11,1
LF:4
LH:4
end_of_record
SF:lib\presentation\bloc\movies\movie_detail_watchlist_cubit.dart
DA:8,1
DA:11,2
DA:16,1
DA:17,3
DA:19,3
DA:21,2
DA:22,1
DA:23,3
DA:24,1
DA:28,1
DA:29,3
DA:37,1
DA:38,3
DA:40,3
DA:42,2
DA:43,1
DA:44,3
DA:45,1
DA:49,1
DA:50,3
LF:20
LH:20
end_of_record
SF:lib\presentation\bloc\movies\now_playing_movies_cubit.dart
DA:7,1
DA:9,2
DA:13,1
DA:14,3
DA:16,3
DA:17,1
DA:18,1
DA:19,3
DA:20,1
DA:24,1
DA:25,1
DA:26,3
DA:27,1
DA:31,3
LF:14
LH:14
end_of_record
SF:lib\presentation\bloc\movies\popular_movies_cubit.dart
DA:8,1
DA:9,2
DA:13,1
DA:14,3
DA:20,3
DA:21,1
DA:22,1
DA:23,3
DA:24,1
DA:28,1
DA:29,1
DA:30,3
DA:31,1
DA:35,3
LF:14
LH:14
end_of_record
SF:lib\presentation\bloc\movies\top_rated_movies_cubit.dart
DA:8,1
DA:9,2
DA:13,1
DA:14,3
DA:20,3
DA:21,1
DA:22,1
DA:23,3
DA:24,1
DA:28,1
DA:29,1
DA:30,3
DA:31,1
DA:35,3
LF:14
LH:14
end_of_record
SF:lib\presentation\bloc\result_state.dart
DA:4,44
DA:14,16
DA:15,16
DA:22,14
DA:27,14
DA:28,0
DA:34,14
DA:35,56
LF:8
LH:7
end_of_record
SF:lib\presentation\bloc\tv_shows\on_the_air_tv_shows_cubit.dart
DA:7,1
DA:9,2
DA:13,1
DA:14,3
DA:16,3
DA:18,1
DA:19,4
DA:20,1
DA:23,1
DA:24,1
DA:25,3
DA:26,1
DA:30,3
LF:13
LH:13
end_of_record
SF:lib\presentation\bloc\tv_shows\popular_tv_shows_cubit.dart
DA:7,3
DA:11,1
DA:12,3
DA:14,3
DA:16,1
DA:17,5
DA:18,1
DA:19,1
DA:20,3
DA:21,1
DA:25,3
LF:11
LH:11
end_of_record
SF:lib\presentation\bloc\tv_shows\top_rated_tv_shows_cubit.dart
DA:8,3
DA:12,1
DA:13,3
DA:15,3
DA:17,1
DA:18,4
DA:19,1
DA:22,1
DA:23,1
DA:24,3
DA:25,1
DA:29,3
LF:12
LH:12
end_of_record
SF:lib\presentation\bloc\tv_shows\tv_show_detail_cubit.dart
DA:7,1
DA:9,2
DA:13,1
DA:14,3
DA:16,3
DA:18,1
DA:19,1
DA:20,3
DA:21,1
DA:25,1
DA:26,3
LF:11
LH:11
end_of_record
SF:lib\presentation\bloc\tv_shows\tv_show_detail_recommendations_cubit.dart
DA:8,1
DA:10,2
DA:14,1
DA:15,3
DA:19,3
DA:21,1
DA:22,1
DA:23,3
DA:24,1
DA:28,1
DA:29,1
DA:30,3
DA:31,1
DA:36,3
LF:14
LH:14
end_of_record
SF:lib\presentation\bloc\tv_shows\tv_show_detail_status_cubit.dart
DA:5,2
DA:9,1
DA:10,3
DA:11,1
LF:4
LH:4
end_of_record
SF:lib\presentation\bloc\tv_shows\tv_show_detail_watchlist_cubit.dart
DA:8,1
DA:11,2
DA:16,1
DA:17,3
DA:19,3
DA:21,2
DA:22,1
DA:23,3
DA:24,1
DA:28,1
DA:29,3
DA:37,1
DA:38,3
DA:40,3
DA:42,2
DA:43,1
DA:44,3
DA:45,1
DA:49,1
DA:50,3
LF:20
LH:20
end_of_record
SF:lib\presentation\bloc\watchlist\movie_watchlist_cubit.dart
DA:8,1
DA:10,2
DA:14,1
DA:15,3
DA:17,3
DA:19,1
DA:20,4
DA:21,1
DA:24,1
DA:25,1
DA:26,3
DA:27,1
DA:31,3
LF:13
LH:13
end_of_record
SF:lib\presentation\bloc\watchlist\tv_show_watchlist_cubit.dart
DA:7,1
DA:9,2
DA:13,1
DA:14,3
DA:16,3
DA:18,1
DA:19,4
DA:20,1
DA:23,1
DA:24,1
DA:25,3
DA:26,1
DA:30,3
LF:13
LH:13
end_of_record
SF:lib\styles\text_styles.dart
DA:5,4
DA:6,2
DA:7,24
DA:9,0
DA:11,0
DA:15,0
LF:6
LH:3
end_of_record
SF:lib\utils\failure.dart
DA:6,20
DA:8,2
DA:9,4
DA:13,16
DA:17,4
DA:21,8
LF:6
LH:6
end_of_record
SF:lib\utils\film_type_enum.dart
DA:1,54
LF:1
LH:1
end_of_record
SF:lib\utils\utils.dart
DA:3,0
LF:1
LH:0
end_of_record
SF:lib\data\repositories\movies\movie_repository_impl.dart
DA:17,1
DA:23,1
DA:25,3
DA:26,5
DA:27,1
DA:29,1
DA:31,0
DA:37,1
DA:39,3
DA:40,2
DA:41,1
DA:43,1
DA:45,0
DA:51,1
DA:53,3
DA:54,5
DA:55,1
DA:57,1
DA:59,0
DA:65,1
DA:67,3
DA:68,5
DA:69,1
DA:71,1
DA:73,0
DA:79,1
DA:81,3
DA:82,5
DA:83,1
DA:85,1
DA:87,0
DA:93,1
DA:95,3
DA:96,5
DA:97,1
DA:99,1
DA:101,0
DA:107,1
DA:110,4
DA:111,1
DA:112,1
DA:113,3
DA:120,1
DA:123,4
DA:124,1
DA:125,1
DA:126,3
DA:131,1
DA:132,3
DA:137,1
DA:138,3
DA:139,5
LF:52
LH:46
end_of_record
SF:lib\data\repositories\tv_shows\tv_show_repository_impl.dart
DA:17,1
DA:23,1
DA:25,3
DA:26,5
DA:27,1
DA:29,1
DA:31,0
DA:37,1
DA:39,3
DA:40,5
DA:41,1
DA:43,1
DA:45,0
DA:51,1
DA:53,3
DA:54,5
DA:55,1
DA:57,1
DA:59,0
DA:65,1
DA:67,3
DA:68,2
DA:69,1
DA:71,1
DA:73,0
DA:79,1
DA:81,3
DA:82,5
DA:83,1
DA:85,1
DA:87,0
DA:93,1
DA:95,3
DA:96,5
DA:97,1
DA:99,1
DA:101,0
DA:107,1
DA:108,3
DA:109,5
DA:113,1
DA:114,3
DA:119,1
DA:122,4
DA:123,1
DA:124,1
DA:125,3
DA:130,1
DA:133,4
DA:134,1
DA:135,1
DA:136,3
LF:52
LH:46
end_of_record
SF:lib\presentation\bloc\home\home_cubit.dart
DA:5,2
DA:7,2
DA:9,3
LF:3
LH:3
end_of_record
SF:lib\presentation\pages\movies\movie_detail_page.dart
DA:19,1
DA:21,1
DA:22,1
DA:26,1
DA:28,1
DA:29,2
DA:30,5
DA:31,1
DA:32,1
DA:33,3
DA:34,5
DA:38,1
DA:40,1
DA:41,0
DA:42,0
DA:45,1
DA:46,1
DA:47,1
DA:48,1
DA:49,1
DA:50,1
DA:51,4
DA:54,1
DA:55,1
DA:57,1
DA:58,1
DA:59,2
DA:64,1
DA:65,1
DA:66,1
DA:72,1
DA:73,1
DA:75,1
DA:76,1
DA:80,0
DA:81,0
DA:93,2
DA:95,1
DA:97,3
DA:98,1
DA:99,1
DA:100,1
DA:101,3
DA:103,1
DA:106,0
DA:108,1
DA:110,1
DA:111,1
DA:112,1
DA:122,1
DA:123,1
DA:124,1
DA:126,1
DA:128,1
DA:130,1
DA:131,1
DA:132,2
DA:133,1
DA:135,1
DA:136,1
DA:137,1
DA:138,1
DA:140,1
DA:141,1
DA:142,2
DA:144,0
DA:145,0
DA:146,0
DA:150,1
DA:151,3
DA:153,1
DA:155,1
DA:164,1
DA:165,3
DA:167,1
DA:168,3
DA:170,1
DA:171,1
DA:172,1
DA:173,3
DA:175,1
DA:181,4
DA:185,1
DA:187,1
DA:189,1
DA:190,2
DA:193,1
DA:195,1
DA:197,1
DA:199,1
DA:200,1
DA:206,1
DA:207,0
DA:210,2
DA:211,0
DA:213,0
DA:215,0
DA:216,0
DA:217,0
DA:218,0
DA:220,0
DA:221,0
DA:222,0
DA:225,0
DA:228,0
DA:233,0
DA:235,0
DA:236,0
DA:242,0
DA:253,1
DA:260,1
DA:262,1
DA:277,1
DA:279,1
DA:282,1
DA:284,0
DA:285,0
DA:286,0
DA:295,1
DA:297,2
DA:298,3
DA:301,1
DA:305,3
DA:308,1
DA:309,1
DA:310,1
DA:312,1
DA:313,1
DA:315,0
LF:129
LH:101
end_of_record
SF:lib\presentation\pages\movies\home_movie_page.dart
DA:14,1
DA:16,1
DA:17,1
DA:21,1
DA:23,1
DA:24,2
DA:25,3
DA:26,3
DA:27,3
DA:31,1
DA:33,1
DA:35,1
DA:36,1
DA:38,1
DA:39,1
DA:41,1
DA:43,1
DA:44,1
DA:45,1
DA:53,3
DA:54,2
DA:62,1
DA:64,0
DA:66,1
DA:67,1
DA:68,1
DA:76,3
DA:77,2
DA:85,1
DA:87,0
DA:89,1
DA:90,1
DA:91,1
DA:99,3
DA:100,2
DA:114,1
DA:115,1
DA:117,1
DA:118,1
DA:120,1
DA:122,1
DA:124,1
DA:126,1
DA:139,2
DA:141,1
DA:143,1
DA:145,1
DA:147,1
DA:148,2
DA:149,1
DA:151,1
DA:152,0
DA:153,0
DA:156,0
DA:159,1
DA:161,1
DA:162,2
DA:163,1
DA:166,0
DA:172,2
LF:60
LH:54
end_of_record
SF:lib\presentation\pages\movies\popular_movies_page.dart
DA:9,1
DA:11,1
DA:12,1
DA:16,1
DA:18,1
DA:19,1
DA:20,4
DA:23,1
DA:25,1
DA:26,1
DA:29,1
DA:31,1
DA:32,1
DA:33,1
DA:39,3
DA:46,3
DA:47,1
DA:48,2
DA:49,1
DA:50,2
DA:51,1
DA:56,1
DA:58,2
LF:23
LH:23
end_of_record
SF:lib\presentation\widgets\movie_card_list.dart
DA:10,4
DA:12,2
DA:14,2
DA:16,2
DA:17,0
DA:18,0
DA:21,0
DA:24,2
DA:26,2
DA:27,2
DA:28,2
DA:35,2
DA:37,2
DA:38,2
DA:39,4
DA:42,2
DA:45,2
DA:46,4
DA:54,2
DA:59,2
DA:60,2
DA:61,6
DA:63,2
DA:66,0
LF:24
LH:20
end_of_record
SF:lib\presentation\pages\movies\top_rated_movies_page.dart
DA:9,1
DA:11,1
DA:12,1
DA:16,1
DA:18,1
DA:19,1
DA:20,4
DA:24,1
DA:26,1
DA:27,1
DA:30,1
DA:32,1
DA:33,1
DA:34,1
DA:40,3
DA:47,3
DA:48,1
DA:49,2
DA:50,1
DA:51,2
DA:52,1
DA:57,1
DA:59,2
LF:23
LH:23
end_of_record
SF:lib\presentation\pages\tv_shows\popular_tv_show_page.dart
DA:9,1
DA:11,1
DA:12,1
DA:16,1
DA:18,1
DA:19,1
DA:20,4
DA:24,1
DA:26,1
DA:27,1
DA:30,1
DA:32,1
DA:33,1
DA:34,3
DA:41,1
DA:47,3
DA:48,1
DA:49,2
DA:50,1
DA:51,2
DA:52,1
DA:57,1
DA:59,2
LF:23
LH:23
end_of_record
SF:lib\presentation\widgets\tv_show_card_list.dart
DA:10,4
DA:12,2
DA:14,2
DA:16,2
DA:17,0
DA:18,0
DA:21,0
DA:24,2
DA:26,2
DA:27,2
DA:28,2
DA:35,2
DA:37,2
DA:38,2
DA:39,4
DA:42,2
DA:45,2
DA:46,4
DA:54,2
DA:59,2
DA:60,2
DA:61,6
DA:63,2
DA:66,0
LF:24
LH:20
end_of_record
SF:lib\presentation\pages\tv_shows\top_rated_tv_show_page.dart
DA:9,1
DA:11,1
DA:12,1
DA:16,1
DA:18,1
DA:19,1
DA:20,4
DA:24,1
DA:26,1
DA:27,1
DA:30,1
DA:32,1
DA:33,1
DA:34,3
DA:41,1
DA:47,3
DA:48,1
DA:49,2
DA:50,1
DA:51,2
DA:52,1
DA:57,1
DA:59,2
LF:23
LH:23
end_of_record
SF:lib\presentation\pages\tv_shows\home_tv_show_page.dart
DA:13,1
DA:15,1
DA:16,1
DA:20,1
DA:22,1
DA:23,2
DA:24,3
DA:25,3
DA:26,3
DA:30,1
DA:32,1
DA:34,1
DA:35,1
DA:37,1
DA:38,1
DA:40,1
DA:42,1
DA:43,1
DA:44,1
DA:52,3
DA:53,2
DA:61,1
DA:63,0
DA:65,1
DA:66,1
DA:67,1
DA:75,3
DA:76,2
DA:84,1
DA:86,0
DA:88,1
DA:89,1
DA:90,1
DA:98,3
DA:99,2
DA:113,1
DA:114,1
DA:116,1
DA:117,1
DA:119,1
DA:121,1
DA:123,1
DA:125,1
DA:138,2
DA:140,1
DA:142,1
DA:144,1
DA:146,1
DA:147,2
DA:148,1
DA:150,1
DA:151,0
DA:152,0
DA:155,0
DA:158,1
DA:160,1
DA:161,2
DA:162,1
DA:165,0
DA:171,2
LF:60
LH:54
end_of_record
SF:lib\presentation\pages\tv_shows\tv_show_detail_page.dart
DA:19,1
DA:21,1
DA:22,1
DA:26,1
DA:28,1
DA:29,2
DA:30,5
DA:31,1
DA:32,1
DA:33,3
DA:34,5
DA:38,1
DA:40,1
DA:41,0
DA:42,0
DA:45,1
DA:46,1
DA:47,1
DA:48,1
DA:49,1
DA:50,1
DA:51,4
DA:54,1
DA:55,1
DA:57,1
DA:58,1
DA:59,2
DA:64,1
DA:65,1
DA:66,1
DA:72,1
DA:73,1
DA:75,1
DA:76,1
DA:80,0
DA:81,0
DA:93,2
DA:95,1
DA:97,3
DA:98,1
DA:99,1
DA:100,1
DA:101,3
DA:103,1
DA:106,0
DA:108,1
DA:110,1
DA:111,1
DA:112,1
DA:122,1
DA:123,1
DA:124,1
DA:126,1
DA:128,1
DA:130,1
DA:131,1
DA:132,2
DA:133,1
DA:135,1
DA:136,1
DA:137,1
DA:138,1
DA:140,1
DA:141,1
DA:142,2
DA:144,0
DA:145,0
DA:146,0
DA:150,1
DA:151,3
DA:153,1
DA:155,1
DA:164,1
DA:165,3
DA:167,1
DA:168,3
DA:170,1
DA:171,1
DA:172,1
DA:173,3
DA:175,1
DA:181,4
DA:185,1
DA:187,1
DA:189,1
DA:190,2
DA:193,1
DA:195,1
DA:197,1
DA:199,1
DA:200,1
DA:206,1
DA:207,0
DA:210,2
DA:211,0
DA:213,0
DA:215,0
DA:216,0
DA:217,0
DA:218,0
DA:220,0
DA:221,0
DA:222,0
DA:225,0
DA:228,0
DA:233,0
DA:235,0
DA:236,0
DA:242,0
DA:253,1
DA:260,1
DA:262,1
DA:277,1
DA:279,1
DA:282,1
DA:284,0
DA:285,0
DA:286,0
DA:295,1
DA:297,2
DA:298,3
DA:301,1
DA:305,3
DA:308,1
DA:309,1
DA:310,1
DA:312,1
DA:313,1
DA:315,0
LF:129
LH:101
end_of_record
