SF:lib\domain\usecases\search_movies.dart
DA:9,1
DA:11,1
DA:12,2
LF:3
LH:3
end_of_record
SF:lib\domain\usecases\search_tv_shows.dart
DA:9,1
DA:11,1
DA:12,2
LF:3
LH:3
end_of_record
SF:lib\presentation\bloc\search\search_bloc.dart
DA:13,1
DA:16,2
DA:17,2
DA:18,1
DA:19,3
DA:20,3
DA:24,3
DA:26,1
DA:27,4
DA:28,1
DA:29,1
DA:32,4
DA:38,3
DA:42,3
DA:44,1
DA:45,4
DA:46,1
DA:48,1
DA:50,4
DA:56,1
DA:58,2
DA:59,1
DA:60,3
DA:61,3
DA:65,3
DA:67,1
DA:68,4
DA:69,1
DA:71,1
DA:73,4
DA:79,3
DA:83,3
DA:85,1
DA:86,4
DA:87,1
DA:89,1
DA:91,4
DA:99,2
DA:100,3
DA:105,2
DA:106,3
DA:112,1
DA:113,1
DA:114,3
LF:44
LH:44
end_of_record
SF:lib\presentation\bloc\search\search_event.dart
DA:4,2
DA:6,0
DA:7,0
DA:13,1
DA:15,0
DA:16,0
DA:22,1
DA:24,0
DA:25,0
LF:9
LH:3
end_of_record
SF:lib\presentation\bloc\search\search_state.dart
DA:7,3
DA:28,1
DA:40,1
DA:49,1
DA:50,1
DA:51,1
DA:52,1
DA:53,1
DA:54,1
DA:60,1
DA:61,1
DA:62,1
DA:63,1
DA:64,1
DA:65,1
DA:66,1
DA:67,1
DA:68,1
LF:18
LH:18
end_of_record
